<?xml version="1.0" encoding="UTF-8"?>
<!-- Generated by org.testng.reporters.JUnitReportReporter -->
<testsuite hostname="ip-172-31-26-37" failures="0" tests="2" name="simplilearn.tests.loginValidation" time="21.529" errors="0" timestamp="2023-08-04T16:13:29 UTC" skipped="0">
  <testcase classname="simplilearn.tests.loginValidation" name="userLogin" time="11.163"/>
  <system-out/>
  <testcase classname="simplilearn.tests.loginValidation" name="supplierLogin" time="10.366"/>
  <system-out/>
</testsuite> <!-- simplilearn.tests.loginValidation -->
