<?xml version="1.0" encoding="UTF-8"?>
<!-- Generated by org.testng.reporters.JUnitReportReporter -->
<testsuite hostname="LAPTOP-1ASRJJ9D" failures="0" tests="1" name="simplilearn.testsComponents.Testscenario2" time="24.736" errors="0" timestamp="2023-08-03T20:19:52 IST" skipped="0">
  <testcase classname="simplilearn.testsComponents.Testscenario2" name="testScenario2" time="24.736"/>
  <system-out/>
</testsuite> <!-- simplilearn.testsComponents.Testscenario2 -->
